[I 11:10:25.450 NotebookApp] JupyterLab alpha preview extension loaded from /Users/ansvver/.pyenv/version/anaconda2/lib/python2.7/site-packages/jupyterlab
JupyterLab v0.27.0
Known labextensions:
[I 11:10:25.455 NotebookApp] Running the core application with no additional extensions or settings
[I 11:10:25.467 NotebookApp] Serving notebooks from local directory: /Users/ansvver/Workspace/git/stanford-tensorflow-tutorials/pratice
[I 11:10:25.467 NotebookApp] 0 active kernels 
[I 11:10:25.467 NotebookApp] The Jupyter Notebook is running at: http://localhost:8888/?token=0b6fe76678e73bf0b798b2056042ffb8c0341bed30f1fbf7
[I 11:10:25.467 NotebookApp] Use Control-C to stop this server and shut down all kernels (twice to skip confirmation).
[C 11:10:25.468 NotebookApp] 
    
    Copy/paste this URL into your browser when you connect for the first time,
    to login with a token:
        http://localhost:8888/?token=0b6fe76678e73bf0b798b2056042ffb8c0341bed30f1fbf7
[I 11:10:42.158 NotebookApp] 302 GET /?token=0b6fe76678e73bf0b798b2056042ffb8c0341bed30f1fbf7 (::1) 0.84ms
[I 11:22:29.254 NotebookApp] Kernel started: a2bef89b-9a12-4cda-9832-72483f48b444
[I 11:22:30.919 NotebookApp] Adapting to protocol v5.1 for kernel a2bef89b-9a12-4cda-9832-72483f48b444
[I 11:24:32.100 NotebookApp] Saving file at /lecture3_MNIST.ipynb
[I 11:34:30.323 NotebookApp] Saving file at /lecture3_MNIST.ipynb
[I 11:56:29.249 NotebookApp] Saving file at /lecture3_MNIST.ipynb
[I 11:58:29.709 NotebookApp] Saving file at /lecture3_MNIST.ipynb
[I 11:59:41.339 NotebookApp] Saving file at /lecture3_MNIST.ipynb
[W 17:51:00.938 NotebookApp] WebSocket ping timeout after 26479647 ms.
[I 11:43:05.700 NotebookApp] Saving file at /lecture3_MNIST.ipynb
[I 11:44:14.130 NotebookApp] Kernel restarted: a2bef89b-9a12-4cda-9832-72483f48b444
[I 11:44:16.123 NotebookApp] Adapting to protocol v5.1 for kernel a2bef89b-9a12-4cda-9832-72483f48b444
[I 11:44:55.179 NotebookApp] Kernel restarted: a2bef89b-9a12-4cda-9832-72483f48b444
[I 11:44:56.714 NotebookApp] Adapting to protocol v5.1 for kernel a2bef89b-9a12-4cda-9832-72483f48b444
[I 11:45:04.442 NotebookApp] Saving file at /lecture3_MNIST.ipynb
[I 11:47:04.444 NotebookApp] Saving file at /lecture3_MNIST.ipynb
[I 11:48:24.954 NotebookApp] Kernel started: c8f063d5-1928-405d-be06-163118ddcad0
[I 11:48:26.764 NotebookApp] Adapting to protocol v5.1 for kernel c8f063d5-1928-405d-be06-163118ddcad0
[I 11:49:04.451 NotebookApp] Saving file at /lecture3_MNIST.ipynb
[I 11:51:04.449 NotebookApp] Saving file at /lecture3_MNIST.ipynb
[I 11:53:07.205 NotebookApp] Saving file at /lecture3_MNIST.ipynb
[I 11:55:06.686 NotebookApp] Saving file at /lecture3_MNIST.ipynb
[I 14:33:05.864 NotebookApp] Saving file at /lecture3_MNIST.ipynb
[I 17:09:18.709 NotebookApp] Creating new notebook in 
[I 17:09:19.632 NotebookApp] Kernel started: 22d75fed-8953-437e-94cb-2ea3a4d55caf
[I 17:09:21.923 NotebookApp] Adapting to protocol v5.1 for kernel 22d75fed-8953-437e-94cb-2ea3a4d55caf
[I 17:11:19.626 NotebookApp] Saving file at /Untitled.ipynb
[I 17:13:19.630 NotebookApp] Saving file at /Untitled.ipynb
[I 17:15:20.810 NotebookApp] Saving file at /Untitled.ipynb
[I 17:17:19.635 NotebookApp] Saving file at /Untitled.ipynb
[I 17:19:19.630 NotebookApp] Saving file at /Untitled.ipynb
[I 17:21:19.632 NotebookApp] Saving file at /Untitled.ipynb
[I 17:23:19.627 NotebookApp] Saving file at /Untitled.ipynb
[I 17:25:20.491 NotebookApp] Saving file at /Untitled.ipynb
[I 17:31:19.666 NotebookApp] Saving file at /Untitled.ipynb
[I 17:33:20.694 NotebookApp] Saving file at /Untitled.ipynb
[I 17:43:19.679 NotebookApp] Saving file at /Untitled.ipynb
[I 17:49:24.363 NotebookApp] Saving file at /Untitled.ipynb
[I 21:13:19.950 NotebookApp] Saving file at /Untitled.ipynb
[I 21:15:21.220 NotebookApp] Saving file at /Untitled.ipynb
[I 12:08:14.435 NotebookApp] Saving file at /lecture3_MNIST.ipynb
[I 12:10:15.310 NotebookApp] Saving file at /lecture3_MNIST.ipynb
[I 14:43:35.176 NotebookApp] Saving file at /lecture3_fireThief.ipynb
[I 14:45:35.024 NotebookApp] Saving file at /lecture3_fireThief.ipynb
[I 14:47:35.348 NotebookApp] Saving file at /lecture3_fireThief.ipynb
[I 14:49:35.019 NotebookApp] Saving file at /lecture3_fireThief.ipynb
[I 15:42:14.509 NotebookApp] Saving file at /lecture3_MNIST.ipynb
[I 15:44:15.356 NotebookApp] Saving file at /lecture3_MNIST.ipynb
[I 17:48:56.109 NotebookApp] Adapting to protocol v5.1 for kernel 22d75fed-8953-437e-94cb-2ea3a4d55caf
[I 17:49:10.661 NotebookApp] Kernel shutdown: 22d75fed-8953-437e-94cb-2ea3a4d55caf
[W 17:49:10.666 NotebookApp] delete /Untitled.ipynb
[I 17:49:14.709 NotebookApp] Saving file at /lecture3_fireThief.ipynb
[I 17:49:17.155 NotebookApp] Saving file at /lecture3_MNIST.ipynb
